2022-04-14 12:46:01 [200] GET /
 
 
2022-04-14 13:25:49 [200] GET /
 
 
2022-04-14 13:26:28 [200] GET /
 
 
2022-04-14 13:30:48 [500] GET /
 assignment to entry in nil map
 goroutine 6 [running]:
php-in-go/Include/Foundation/Http.(*Kernel).Handle.func1()
	/Users/yehua/Desktop/program/开源/PhpInGo/Include/Foundation/Http/Kernel.go:37 +0x8c
panic({0x12a4840, 0x1347c00})
	/usr/local/opt/go/libexec/src/runtime/panic.go:1038 +0x215
php-in-go/Include/Foundation/Cache.(*MemoryCache).SetCache(0xc000010030, {0x12e4758, 0x1}, {0x1291500, 0xc000094120}, 0x15180, {0x12e5994, 0x8})
	/Users/yehua/Desktop/program/开源/PhpInGo/Include/Foundation/Cache/MemoryCache.go:17 +0x16b
php-in-go/Include/Foundation/Http/Session.(*Session).SetSession(0x12e4826, {0x12e4758, 0x12e70ca}, {0x1291500, 0xc000094120}, 0x2)
	/Users/yehua/Desktop/program/开源/PhpInGo/Include/Foundation/Http/Session/Session.go:24 +0x3d
php-in-go/Include/Foundation/Http/Controller.(*BaseController).SetSession(0xc00007c140, {0x12e4758, 0x1}, {0x12e4826, 0x2})
	/Users/yehua/Desktop/program/开源/PhpInGo/Include/Foundation/Http/Controller/BaseController.go:42 +0xb6
php-in-go/App/Http/Controller.(*Index).Index(0xc0000d87b0, 0x10b98fd)
	/Users/yehua/Desktop/program/开源/PhpInGo/App/Http/Controller/Index.go:13 +0x38
reflect.Value.call({0x1290400, 0xc0000921c0, 0x18}, {0x12e4a26, 0x4}, {0xc0000c20c0, 0x1, 0x0})
	/usr/local/opt/go/libexec/src/reflect/value.go:543 +0x814
reflect.Value.Call({0x1290400, 0xc0000921c0, 0x0}, {0xc0000c20c0, 0x1, 0x1})
	/usr/local/opt/go/libexec/src/reflect/value.go:339 +0xc5
php-in-go/Include/Container.(*Container).callFunc(0x0, {0x1290400, 0xc0000921c0}, 0x0, 0x0)
	/Users/yehua/Desktop/program/开源/PhpInGo/Include/Container/Container.go:207 +0x79e
php-in-go/Include/Container.(*Container).Resolve(0xc000090240, {0x1290400, 0xc0000921c0}, 0x12e4c9a, 0x1)
	/Users/yehua/Desktop/program/开源/PhpInGo/Include/Container/Container.go:130 +0x10b
php-in-go/Include/Foundation/Http.(*Kernel).dispatch(0xc000066140, 0xc0000c8040, 0xc000092180, 0xc00011a820, {0x13533c0, 0xc000090240})
	/Users/yehua/Desktop/program/开源/PhpInGo/Include/Foundation/Http/Kernel.go:99 +0x168
php-in-go/Include/Foundation/Http.(*Kernel).Handl
2022-04-14 13:33:30 [500] GET /
 assignment to entry in nil map
 goroutine 6 [running]:
php-in-go/Include/Foundation/Http.(*Kernel).Handle.func1()
	/Users/yehua/Desktop/program/开源/PhpInGo/Include/Foundation/Http/Kernel.go:37 +0x8c
panic({0x12a4840, 0x1347c00})
	/usr/local/opt/go/libexec/src/runtime/panic.go:1038 +0x215
php-in-go/Include/Foundation/Cache.(*MemoryCache).SetCache(0xc000010030, {0x12e4758, 0x1}, {0x1291500, 0xc0000942a0}, 0x15180, {0x12e5994, 0x8})
	/Users/yehua/Desktop/program/开源/PhpInGo/Include/Foundation/Cache/MemoryCache.go:17 +0x16b
php-in-go/Include/Foundation/Http/Session.(*Session).SetSession(0x12e4826, {0x12e4758, 0x12e70ca}, {0x1291500, 0xc0000942a0}, 0x2)
	/Users/yehua/Desktop/program/开源/PhpInGo/Include/Foundation/Http/Session/Session.go:24 +0x3d
php-in-go/Include/Foundation/Http/Controller.(*BaseController).SetSession(0xc00007c140, {0x12e4758, 0x1}, {0x12e4826, 0x2})
	/Users/yehua/Desktop/program/开源/PhpInGo/Include/Foundation/Http/Controller/BaseController.go:42 +0xb6
php-in-go/App/Http/Controller.(*Index).Index(0xc0000d87b0, 0x10b98fd)
	/Users/yehua/Desktop/program/开源/PhpInGo/App/Http/Controller/Index.go:13 +0x38
reflect.Value.call({0x1290400, 0xc000092300, 0x18}, {0x12e4a26, 0x4}, {0xc0000c2180, 0x1, 0x0})
	/usr/local/opt/go/libexec/src/reflect/value.go:543 +0x814
reflect.Value.Call({0x1290400, 0xc000092300, 0x0}, {0xc0000c2180, 0x1, 0x1})
	/usr/local/opt/go/libexec/src/reflect/value.go:339 +0xc5
php-in-go/Include/Container.(*Container).callFunc(0x0, {0x1290400, 0xc000092300}, 0x0, 0x0)
	/Users/yehua/Desktop/program/开源/PhpInGo/Include/Container/Container.go:207 +0x79e
php-in-go/Include/Container.(*Container).Resolve(0xc0000906f0, {0x1290400, 0xc000092300}, 0x12e4c9a, 0x1)
	/Users/yehua/Desktop/program/开源/PhpInGo/Include/Container/Container.go:130 +0x10b
php-in-go/Include/Foundation/Http.(*Kernel).dispatch(0xc000066140, 0xc0000c8100, 0xc0000922c0, 0xc00011a820, {0x13533c0, 0xc0000906f0})
	/Users/yehua/Desktop/program/开源/PhpInGo/Include/Foundation/Http/Kernel.go:99 +0x168
php-in-go/Include/Foundation/Http.(*Kernel).Handl
2022-04-14 13:34:58 [500] GET /
 assignment to entry in nil map
 goroutine 6 [running]:
php-in-go/Include/Foundation/Http.(*Kernel).Handle.func1()
	/Users/yehua/Desktop/program/开源/PhpInGo/Include/Foundation/Http/Kernel.go:37 +0x8c
panic({0x12a48a0, 0x1347c90})
	/usr/local/opt/go/libexec/src/runtime/panic.go:1038 +0x215
php-in-go/Include/Foundation/Cache.(*MemoryCache).SetCache(0xc000010030, {0x12e47b8, 0x1}, {0x1291560, 0xc000012e90}, 0x15180, {0x12e59f7, 0x8})
	/Users/yehua/Desktop/program/开源/PhpInGo/Include/Foundation/Cache/MemoryCache.go:17 +0x16b
php-in-go/Include/Foundation/Http/Session.(*Session).SetSession(0x12e4886, {0x12e47b8, 0x12e712d}, {0x1291560, 0xc000012e90}, 0x2)
	/Users/yehua/Desktop/program/开源/PhpInGo/Include/Foundation/Http/Session/Session.go:24 +0x3d
php-in-go/Include/Foundation/Http/Controller.(*BaseController).SetSession(0xc00007c140, {0x12e47b8, 0x1}, {0x12e4886, 0x2})
	/Users/yehua/Desktop/program/开源/PhpInGo/Include/Foundation/Http/Controller/BaseController.go:42 +0xb6
php-in-go/App/Http/Controller.(*Index).Index(0xc0001707b0, 0x10b32bd)
	/Users/yehua/Desktop/program/开源/PhpInGo/App/Http/Controller/Index.go:13 +0x38
reflect.Value.call({0x1290460, 0xc000072440, 0x18}, {0x12e4a89, 0x4}, {0xc00000e2a0, 0x1, 0x0})
	/usr/local/opt/go/libexec/src/reflect/value.go:543 +0x814
reflect.Value.Call({0x1290460, 0xc000072440, 0x0}, {0xc00000e2a0, 0x1, 0x1})
	/usr/local/opt/go/libexec/src/reflect/value.go:339 +0xc5
php-in-go/Include/Container.(*Container).callFunc(0x0, {0x1290460, 0xc000072440}, 0x0, 0x0)
	/Users/yehua/Desktop/program/开源/PhpInGo/Include/Container/Container.go:207 +0x79e
php-in-go/Include/Container.(*Container).Resolve(0xc000109230, {0x1290460, 0xc000072440}, 0x12e4cfd, 0x1)
	/Users/yehua/Desktop/program/开源/PhpInGo/Include/Container/Container.go:130 +0x10b
php-in-go/Include/Foundation/Http.(*Kernel).dispatch(0xc000066140, 0xc000066240, 0xc000072400, 0xc000112820, {0x1353460, 0xc000109230})
	/Users/yehua/Desktop/program/开源/PhpInGo/Include/Foundation/Http/Kernel.go:99 +0x168
php-in-go/Include/Foundation/Http.(*Kernel).Handl
2022-04-14 13:39:39 [500] GET /
 assignment to entry in nil map
 goroutine 6 [running]:
php-in-go/Include/Foundation/Http.(*Kernel).Handle.func1()
	/Users/yehua/Desktop/program/开源/PhpInGo/Include/Foundation/Http/Kernel.go:37 +0x8c
panic({0x12a4940, 0x1347d50})
	/usr/local/opt/go/libexec/src/runtime/panic.go:1038 +0x215
php-in-go/Include/Foundation/Cache.(*MemoryCache).SetCache(0xc000010030, {0x12e4858, 0x1}, {0x1291600, 0xc00009e120}, 0x15180, {0x12e5a9c, 0x8})
	/Users/yehua/Desktop/program/开源/PhpInGo/Include/Foundation/Cache/MemoryCache.go:21 +0x1d4
php-in-go/Include/Foundation/Http/Session.(*Session).SetSession(0x12e4926, {0x12e4858, 0x12e71d2}, {0x1291600, 0xc00009e120}, 0x2)
	/Users/yehua/Desktop/program/开源/PhpInGo/Include/Foundation/Http/Session/Session.go:24 +0x3d
php-in-go/Include/Foundation/Http/Controller.(*BaseController).SetSession(0xc00007c140, {0x12e4858, 0x1}, {0x12e4926, 0x2})
	/Users/yehua/Desktop/program/开源/PhpInGo/Include/Foundation/Http/Controller/BaseController.go:42 +0xb6
php-in-go/App/Http/Controller.(*Index).Index(0xc0000d67b0, 0x10b98fd)
	/Users/yehua/Desktop/program/开源/PhpInGo/App/Http/Controller/Index.go:13 +0x38
reflect.Value.call({0x1290500, 0xc00009c1c0, 0x18}, {0x12e4b29, 0x4}, {0xc0000c20c0, 0x1, 0x0})
	/usr/local/opt/go/libexec/src/reflect/value.go:543 +0x814
reflect.Value.Call({0x1290500, 0xc00009c1c0, 0x0}, {0xc0000c20c0, 0x1, 0x1})
	/usr/local/opt/go/libexec/src/reflect/value.go:339 +0xc5
php-in-go/Include/Container.(*Container).callFunc(0x0, {0x1290500, 0xc00009c1c0}, 0x0, 0x0)
	/Users/yehua/Desktop/program/开源/PhpInGo/Include/Container/Container.go:207 +0x79e
php-in-go/Include/Container.(*Container).Resolve(0xc000092270, {0x1290500, 0xc00009c1c0}, 0x12e4da2, 0x1)
	/Users/yehua/Desktop/program/开源/PhpInGo/Include/Container/Container.go:130 +0x10b
php-in-go/Include/Foundation/Http.(*Kernel).dispatch(0xc000066140, 0xc000098060, 0xc00009c180, 0xc00011a820, {0x1353560, 0xc000092270})
	/Users/yehua/Desktop/program/开源/PhpInGo/Include/Foundation/Http/Kernel.go:99 +0x168
php-in-go/Include/Foundation/Http.(*Kernel).Handl
2022-04-14 13:40:00 [500] GET /
 assignment to entry in nil map
 goroutine 19 [running]:
php-in-go/Include/Foundation/Http.(*Kernel).Handle.func1()
	/Users/yehua/Desktop/program/开源/PhpInGo/Include/Foundation/Http/Kernel.go:37 +0x8c
panic({0x12a4940, 0x1347d50})
	/usr/local/opt/go/libexec/src/runtime/panic.go:1038 +0x215
php-in-go/Include/Foundation/Cache.(*MemoryCache).SetCache(0xc0000a2020, {0x12e4858, 0x1}, {0x1291600, 0xc000012140}, 0x15180, {0x12e5a9c, 0x8})
	/Users/yehua/Desktop/program/开源/PhpInGo/Include/Foundation/Cache/MemoryCache.go:21 +0x1d4
php-in-go/Include/Foundation/Http/Session.(*Session).SetSession(0x12e4926, {0x12e4858, 0x12e71d2}, {0x1291600, 0xc000012140}, 0x2)
	/Users/yehua/Desktop/program/开源/PhpInGo/Include/Foundation/Http/Session/Session.go:24 +0x3d
php-in-go/Include/Foundation/Http/Controller.(*BaseController).SetSession(0xc0000c60f0, {0x12e4858, 0x1}, {0x12e4926, 0x2})
	/Users/yehua/Desktop/program/开源/PhpInGo/Include/Foundation/Http/Controller/BaseController.go:42 +0xb6
php-in-go/App/Http/Controller.(*Index).Index(0xc0001a87b0, 0x10b98fd)
	/Users/yehua/Desktop/program/开源/PhpInGo/App/Http/Controller/Index.go:13 +0x38
reflect.Value.call({0x1290500, 0xc000072200, 0x18}, {0x12e4b29, 0x4}, {0xc00000e0d8, 0x1, 0x0})
	/usr/local/opt/go/libexec/src/reflect/value.go:543 +0x814
reflect.Value.Call({0x1290500, 0xc000072200, 0x0}, {0xc00000e0d8, 0x1, 0x1})
	/usr/local/opt/go/libexec/src/reflect/value.go:339 +0xc5
php-in-go/Include/Container.(*Container).callFunc(0x0, {0x1290500, 0xc000072200}, 0x0, 0x0)
	/Users/yehua/Desktop/program/开源/PhpInGo/Include/Container/Container.go:207 +0x79e
php-in-go/Include/Container.(*Container).Resolve(0xc00007e210, {0x1290500, 0xc000072200}, 0x12e4da2, 0x1)
	/Users/yehua/Desktop/program/开源/PhpInGo/Include/Container/Container.go:130 +0x10b
php-in-go/Include/Foundation/Http.(*Kernel).dispatch(0xc0000c4120, 0xc000066060, 0xc0000721c0, 0xc000083380, {0x1353560, 0xc00007e210})
	/Users/yehua/Desktop/program/开源/PhpInGo/Include/Foundation/Http/Kernel.go:99 +0x168
php-in-go/Include/Foundation/Http.(*Kernel).Hand
2022-04-14 13:46:15 [200] GET /
 
 
2022-04-14 13:49:00 [500] GET /
 assignment to entry in nil map
 goroutine 6 [running]:
php-in-go/Include/Foundation/Http.(*Kernel).Handle.func1()
	/Users/yehua/Desktop/program/开源/PhpInGo/Include/Foundation/Http/Kernel.go:37 +0x8c
panic({0x12a4720, 0x1347ae0})
	/usr/local/opt/go/libexec/src/runtime/panic.go:1038 +0x215
php-in-go/Include/Foundation/Cache.(*MemoryCache).SetCache(0xc000010030, {0x12e4638, 0x1}, {0x12913e0, 0xc000012e90}, 0x15180, {0x12e5877, 0x8})
	/Users/yehua/Desktop/program/开源/PhpInGo/Include/Foundation/Cache/MemoryCache.go:17 +0x16b
php-in-go/Include/Foundation/Http/Session.(*Session).SetSession(0x12e4771, {0x12e4638, 0x12e6fad}, {0x12913e0, 0xc000012e90}, 0x2)
	/Users/yehua/Desktop/program/开源/PhpInGo/Include/Foundation/Http/Session/Session.go:24 +0x3d
php-in-go/Include/Foundation/Http/Controller.(*BaseController).SetSession(0xc00007c140, {0x12e4638, 0x1}, {0x12e4771, 0x3})
	/Users/yehua/Desktop/program/开源/PhpInGo/Include/Foundation/Http/Controller/BaseController.go:42 +0xb6
php-in-go/App/Http/Controller.(*Index).Index(0xc0001707b0, 0x10b98fd)
	/Users/yehua/Desktop/program/开源/PhpInGo/App/Http/Controller/Index.go:13 +0x38
reflect.Value.call({0x12902e0, 0xc00007a400, 0x18}, {0x12e4909, 0x4}, {0xc00000e2a0, 0x1, 0x0})
	/usr/local/opt/go/libexec/src/reflect/value.go:543 +0x814
reflect.Value.Call({0x12902e0, 0xc00007a400, 0x0}, {0xc00000e2a0, 0x1, 0x1})
	/usr/local/opt/go/libexec/src/reflect/value.go:339 +0xc5
php-in-go/Include/Container.(*Container).callFunc(0x0, {0x12902e0, 0xc00007a400}, 0x0, 0x0)
	/Users/yehua/Desktop/program/开源/PhpInGo/Include/Container/Container.go:207 +0x79e
php-in-go/Include/Container.(*Container).Resolve(0xc000109170, {0x12902e0, 0xc00007a400}, 0x12e4b7d, 0x1)
	/Users/yehua/Desktop/program/开源/PhpInGo/Include/Container/Container.go:130 +0x10b
php-in-go/Include/Foundation/Http.(*Kernel).dispatch(0xc000066140, 0xc000066200, 0xc00007a3c0, 0xc00011a820, {0x13532a0, 0xc000109170})
	/Users/yehua/Desktop/program/开源/PhpInGo/Include/Foundation/Http/Kernel.go:99 +0x168
php-in-go/Include/Foundation/Http.(*Kernel).Handl
2022-04-14 14:02:23 [500] GET /
 runtime error: invalid memory address or nil pointer dereference
 goroutine 19 [running]:
php-in-go/Include/Foundation/Http.(*Kernel).Handle.func1()
	/Users/yehua/Desktop/program/开源/PhpInGo/Include/Foundation/Http/Kernel.go:37 +0x8c
panic({0x12a46c0, 0x152c180})
	/usr/local/opt/go/libexec/src/runtime/panic.go:1038 +0x215
php-in-go/Include/Container.(*Container).Resolve(0xc00007e210, {0x0, 0x0}, 0x100e054, 0x0)
	/Users/yehua/Desktop/program/开源/PhpInGo/Include/Container/Container.go:109 +0x88
php-in-go/Include/Container.(*Container).Resolve(0xc00007e210, {0x12899e0, 0xc000012140}, 0xc00001a1d0, 0x0)
	/Users/yehua/Desktop/program/开源/PhpInGo/Include/Container/Container.go:142 +0x3ad
php-in-go/Include/Foundation/Http/Controller.(*BaseController).Resolve(...)
	/Users/yehua/Desktop/program/开源/PhpInGo/Include/Foundation/Http/Controller/BaseController.go:38
php-in-go/App/Http/Controller.(*Index).Index(0xc0000c60f0, 0x10b98fd)
	/Users/yehua/Desktop/program/开源/PhpInGo/App/Http/Controller/Index.go:15 +0x50
reflect.Value.call({0x12903a0, 0xc000072200, 0x18}, {0x12e49c7, 0x4}, {0xc00000e0d8, 0x1, 0x0})
	/usr/local/opt/go/libexec/src/reflect/value.go:543 +0x814
reflect.Value.Call({0x12903a0, 0xc000072200, 0x0}, {0xc00000e0d8, 0x1, 0x1})
	/usr/local/opt/go/libexec/src/reflect/value.go:339 +0xc5
php-in-go/Include/Container.(*Container).callFunc(0x0, {0x12903a0, 0xc000072200}, 0x0, 0x0)
	/Users/yehua/Desktop/program/开源/PhpInGo/Include/Container/Container.go:207 +0x79e
php-in-go/Include/Container.(*Container).Resolve(0xc00007e210, {0x12903a0, 0xc000072200}, 0x12e4c3b, 0x1)
	/Users/yehua/Desktop/program/开源/PhpInGo/Include/Container/Container.go:130 +0x10b
php-in-go/Include/Foundation/Http.(*Kernel).dispatch(0xc0000c4120, 0xc000066060, 0xc0000721c0, 0xc000083380, {0x13533c0, 0xc00007e210})
	/Users/yehua/Desktop/program/开源/PhpInGo/Include/Foundation/Http/Kernel.go:99 +0x168
php-in-go/Include/Foundation/Http.(*Kernel).Handle(0xc0000b8150, 0xc00000e018, 0xc0000721c0)
	/Users/yehua/Desktop/program/开源/PhpInGo/Include/Foundation/Http/Kernel.go:67 +0x105
php-in-go/Boots
2022-04-14 14:03:04 [200] GET /
 
 
2022-04-14 14:04:01 [200] GET /
 
 
2022-04-14 14:04:45 [200] GET /
 
 
2022-04-14 14:09:25 [500] GET /
 assignment to entry in nil map
 goroutine 6 [running]:
php-in-go/Include/Foundation/Http.(*Kernel).Handle.func1()
	/Users/yehua/Desktop/program/开源/PhpInGo/Include/Foundation/Http/Kernel.go:37 +0x8c
panic({0x12a48a0, 0x1347cd0})
	/usr/local/opt/go/libexec/src/runtime/panic.go:1038 +0x215
php-in-go/Include/Foundation/Cache.(*MemoryCache).SetCache(0xc000010030, {0x12e47b9, 0x1}, {0x1291560, 0xc000012e90}, 0x15180, {0x12e59f3, 0x8})
	/Users/yehua/Desktop/program/开源/PhpInGo/Include/Foundation/Cache/MemoryCache.go:17 +0x16b
php-in-go/Include/Foundation/Http/Session.(*Session).SetSession(0xc000012ce0, {0x12e47b9, 0x1}, {0x1291560, 0xc000012e90}, 0x2)
	/Users/yehua/Desktop/program/开源/PhpInGo/Include/Foundation/Http/Session/Session.go:30 +0x11f
php-in-go/Include/Foundation/Http/Controller.(*BaseController).SetSession(0xc00007c140, {0x12e47b9, 0x1}, {0x12e47b6, 0x1})
	/Users/yehua/Desktop/program/开源/PhpInGo/Include/Foundation/Http/Controller/BaseController.go:42 +0xb6
php-in-go/App/Http/Controller.(*Index).Index(0xc0001707b0, 0x10b98fd)
	/Users/yehua/Desktop/program/开源/PhpInGo/App/Http/Controller/Index.go:13 +0x31
reflect.Value.call({0x1290460, 0xc000072400, 0x18}, {0x12e4a85, 0x4}, {0xc00000e2a0, 0x1, 0x0})
	/usr/local/opt/go/libexec/src/reflect/value.go:543 +0x814
reflect.Value.Call({0x1290460, 0xc000072400, 0x0}, {0xc00000e2a0, 0x1, 0x1})
	/usr/local/opt/go/libexec/src/reflect/value.go:339 +0xc5
php-in-go/Include/Container.(*Container).callFunc(0x0, {0x1290460, 0xc000072400}, 0x0, 0x0)
	/Users/yehua/Desktop/program/开源/PhpInGo/Include/Container/Container.go:207 +0x79e
php-in-go/Include/Container.(*Container).Resolve(0xc000109170, {0x1290460, 0xc000072400}, 0x12e4cf9, 0x1)
	/Users/yehua/Desktop/program/开源/PhpInGo/Include/Container/Container.go:130 +0x10b
php-in-go/Include/Foundation/Http.(*Kernel).dispatch(0xc000066140, 0xc000066200, 0xc0000723c0, 0xc00011a820, {0x1353500, 0xc000109170})
	/Users/yehua/Desktop/program/开源/PhpInGo/Include/Foundation/Http/Kernel.go:99 +0x168
php-in-go/Include/Foundation/Http.(*Kernel).Handle(
2022-04-14 14:10:51 [500] GET /
 assignment to entry in nil map
 goroutine 19 [running]:
php-in-go/Include/Foundation/Http.(*Kernel).Handle.func1()
	/Users/yehua/Desktop/program/开源/PhpInGo/Include/Foundation/Http/Kernel.go:37 +0x8c
panic({0x12a4960, 0x1347dd0})
	/usr/local/opt/go/libexec/src/runtime/panic.go:1038 +0x215
php-in-go/Include/Foundation/Cache.(*MemoryCache).SetCache(0xc0000a2020, {0x12e4879, 0x1}, {0x1291620, 0xc000098e70}, 0x15180, {0x12e5ab3, 0x8})
	/Users/yehua/Desktop/program/开源/PhpInGo/Include/Foundation/Cache/MemoryCache.go:20 +0x1d4
php-in-go/Include/Foundation/Http/Session.(*Session).SetSession(0xc000098cc0, {0x12e4879, 0x1}, {0x1291620, 0xc000098e70}, 0x2)
	/Users/yehua/Desktop/program/开源/PhpInGo/Include/Foundation/Http/Session/Session.go:30 +0x11f
php-in-go/Include/Foundation/Http/Controller.(*BaseController).SetSession(0xc0000c60f0, {0x12e4879, 0x1}, {0x12e4876, 0x1})
	/Users/yehua/Desktop/program/开源/PhpInGo/Include/Foundation/Http/Controller/BaseController.go:42 +0xb6
php-in-go/App/Http/Controller.(*Index).Index(0xc00011a7b0, 0x10b98fd)
	/Users/yehua/Desktop/program/开源/PhpInGo/App/Http/Controller/Index.go:13 +0x31
reflect.Value.call({0x1290520, 0xc0000dc400, 0x18}, {0x12e4b45, 0x4}, {0xc0000b8288, 0x1, 0x0})
	/usr/local/opt/go/libexec/src/reflect/value.go:543 +0x814
reflect.Value.Call({0x1290520, 0xc0000dc400, 0x0}, {0xc0000b8288, 0x1, 0x1})
	/usr/local/opt/go/libexec/src/reflect/value.go:339 +0xc5
php-in-go/Include/Container.(*Container).callFunc(0x0, {0x1290520, 0xc0000dc400}, 0x0, 0x0)
	/Users/yehua/Desktop/program/开源/PhpInGo/Include/Container/Container.go:207 +0x79e
php-in-go/Include/Container.(*Container).Resolve(0xc00009d200, {0x1290520, 0xc0000dc400}, 0x12e4db9, 0x1)
	/Users/yehua/Desktop/program/开源/PhpInGo/Include/Container/Container.go:130 +0x10b
php-in-go/Include/Foundation/Http.(*Kernel).dispatch(0xc0000c4120, 0xc0000c4200, 0xc0000dc3c0, 0xc000083380, {0x1353640, 0xc00009d200})
	/Users/yehua/Desktop/program/开源/PhpInGo/Include/Foundation/Http/Kernel.go:99 +0x168
php-in-go/Include/Foundation/Http.(*Kernel).Handle
2022-04-14 14:13:48 [200] GET /
 
 
2022-04-14 14:15:07 [200] GET /
 
 
2022-04-14 14:15:45 [200] GET /
 
 
2022-04-14 14:17:21 [500] GET /
 assignment to entry in nil map
 goroutine 6 [running]:
php-in-go/Include/Foundation/Http.(*Kernel).Handle.func1()
	/Users/yehua/Desktop/program/开源/PhpInGo/Include/Foundation/Http/Kernel.go:37 +0x8c
panic({0x12a4780, 0x1347b60})
	/usr/local/opt/go/libexec/src/runtime/panic.go:1038 +0x215
php-in-go/Include/Foundation/Cache.(*MemoryCache).SetCache(0xc000010030, {0x12e4699, 0x1}, {0x1291440, 0x1347660}, 0xe10, {0x12e58d3, 0x8})
	/Users/yehua/Desktop/program/开源/PhpInGo/Include/Foundation/Cache/MemoryCache.go:17 +0x16b
php-in-go/Include/Foundation/Http/Session.(*Session).SetSession(0xc00001a490, {0x12e4699, 0x0}, {0x1291440, 0x1347660}, 0xc000170798)
	/Users/yehua/Desktop/program/开源/PhpInGo/Include/Foundation/Http/Session/Session.go:24 +0x3d
php-in-go/App/Http/Controller.(*Index).Index(0xc00007c140, 0x10b98fd)
	/Users/yehua/Desktop/program/开源/PhpInGo/App/Http/Controller/Index.go:14 +0x59
reflect.Value.call({0x1290340, 0xc000072400, 0x18}, {0x12e4965, 0x4}, {0xc00000e2a0, 0x1, 0x0})
	/usr/local/opt/go/libexec/src/reflect/value.go:543 +0x814
reflect.Value.Call({0x1290340, 0xc000072400, 0x0}, {0xc00000e2a0, 0x1, 0x1})
	/usr/local/opt/go/libexec/src/reflect/value.go:339 +0xc5
php-in-go/Include/Container.(*Container).callFunc(0x0, {0x1290340, 0xc000072400}, 0x0, 0x0)
	/Users/yehua/Desktop/program/开源/PhpInGo/Include/Container/Container.go:207 +0x79e
php-in-go/Include/Container.(*Container).Resolve(0xc000109170, {0x1290340, 0xc000072400}, 0x12e4bd9, 0x1)
	/Users/yehua/Desktop/program/开源/PhpInGo/Include/Container/Container.go:130 +0x10b
php-in-go/Include/Foundation/Http.(*Kernel).dispatch(0xc000066140, 0xc000066200, 0xc0000723c0, 0xc00011a820, {0x1353340, 0xc000109170})
	/Users/yehua/Desktop/program/开源/PhpInGo/Include/Foundation/Http/Kernel.go:99 +0x168
php-in-go/Include/Foundation/Http.(*Kernel).Handle(0xc00000e168, 0xc00000e1e0, 0xc0000723c0)
	/Users/yehua/Desktop/program/开源/PhpInGo/Include/Foundation/Http/Kernel.go:67 +0x105
php-in-go/Bootstrap.(*App).Handle(0xc000115b70, 0x123d945, 0x1349940)
	/Users/yehua/Desktop/program/
2022-04-14 14:19:13 [200] GET /
 
 
2022-04-14 14:23:39 [200] GET /
 
 
2022-04-14 14:24:38 [200] GET /
 
 
2022-04-14 14:25:09 [200] GET /
 
 
2022-04-14 14:32:04 [200] GET /
 
 
2022-04-14 14:32:44 [200] GET /
 
 
2022-04-14 14:55:25 [200] GET /
 
 
2022-04-14 14:56:08 [200] GET /
 
 
2022-04-14 14:56:51 [200] GET /
 
 
