2022-04-16 18:11:35 [200] GET /
 
 
2022-04-16 18:11:35 [404] GET /favicon.ico
 
 
2022-04-16 18:12:35 [200] GET /
 
 
2022-04-16 18:37:24 [200] GET /
 
 
2022-04-16 18:37:40 [200] GET /
 
 
2022-04-16 18:38:40 [200] GET /
 
 
2022-04-16 18:40:27 [200] GET /
 
 
2022-04-16 18:41:37 [200] GET /
 
 
2022-04-16 18:42:46 [200] GET /
 
 
2022-04-16 18:44:34 [200] GET /
 
 
2022-04-16 19:04:19 [200] GET /
 
 
2022-04-16 19:04:51 [200] GET /
 
 
2022-04-16 19:10:44 [500] GET /
 runtime error: invalid memory address or nil pointer dereference
 goroutine 20 [running]:
php-in-go/Include/Foundation/Http.(*Kernel).Handle.func1()
	/Users/yehua/Desktop/program/开源/PhpInGo/Include/Foundation/Http/Kernel.go:37 +0x8c
panic({0x12a5080, 0x152d140})
	/usr/local/opt/go/libexec/src/runtime/panic.go:1038 +0x215
php-in-go/Include/Foundation/Http/Controller.(*BaseController).Resolve(...)
	/Users/yehua/Desktop/program/开源/PhpInGo/Include/Foundation/Http/Controller/BaseController.go:34
php-in-go/App/Http/Controller.(*Index).Index(0xc00010a018, 0x10b98fd)
	/Users/yehua/Desktop/program/开源/PhpInGo/App/Http/Controller/Index.go:16 +0x4c
reflect.Value.call({0x1290d80, 0xc0000a4180, 0x18}, {0x12e5526, 0x4}, {0xc0000c8060, 0x1, 0x0})
	/usr/local/opt/go/libexec/src/reflect/value.go:543 +0x814
reflect.Value.Call({0x1290d80, 0xc0000a4180, 0x0}, {0xc0000c8060, 0x1, 0x1})
	/usr/local/opt/go/libexec/src/reflect/value.go:339 +0xc5
php-in-go/Include/Container.(*Container).callFunc(0x0, {0x1290d80, 0xc0000a4180}, 0x0, 0x0)
	/Users/yehua/Desktop/program/开源/PhpInGo/Include/Container/Container.go:199 +0x79e
php-in-go/Include/Container.(*Container).Resolve(0xc0000a21e0, {0x1290d80, 0xc0000a4180}, 0x12e579a, 0x1)
	/Users/yehua/Desktop/program/开源/PhpInGo/Include/Container/Container.go:122 +0x10b
php-in-go/Include/Foundation/Http.(*Kernel).dispatch(0xc000130120, 0xc0000d0040, 0xc0000a4140, 0xc00009c9c0, {0x1353ea0, 0xc0000a21e0})
	/Users/yehua/Desktop/program/开源/PhpInGo/Include/Foundation/Http/Kernel.go:99 +0x168
php-in-go/Include/Foundation/Http.(*Kernel).Handle(0xc000124150, 0xc0000c8000, 0xc0000a4140)
	/Users/yehua/Desktop/program/开源/PhpInGo/Include/Foundation/Http/Kernel.go:67 +0x105
php-in-go/Bootstrap.(*App).Handle(0xc00009cb70, 0x123d945, 0x134a4a0)
	/Users/yehua/Desktop/program/开源/PhpInGo/Bootstrap/App.go:59 +0x59
php-in-go/Include/Foundation/Server.(*HttpServer).Start.func1({0x1350390, 0xc0000c2000}, 0xc00017a100)
	/Users/yehua/Desktop/program/开源/PhpInGo/Include/Foundation/Server/HttpServer.go:33 +0x3cb
net/http.HandlerFunc.ServeHTTP(0x0, {0x1350390, 0
2022-04-16 19:10:57 [200] GET /
 
 
2022-04-16 19:11:16 [200] GET /
 
 
2022-04-16 19:17:23 [200] GET /
 
 
2022-04-16 19:18:14 [200] GET /
 
 
2022-04-16 19:18:36 [200] GET /
 
 
2022-04-16 19:24:45 [200] GET /
 
 
2022-04-16 19:25:24 [200] GET /
 
 
2022-04-16 19:37:26 [200] GET /
 
 
2022-04-16 19:37:36 [200] GET /
 
 
2022-04-16 19:49:20 [200] GET /
 
 
2022-04-16 19:49:22 [200] GET /
 
 
2022-04-16 19:59:58 [200] GET /
 
 
2022-04-16 20:01:03 [500] GET /
 runtime error: invalid memory address or nil pointer dereference
 goroutine 7 [running]:
php-in-go/Include/Foundation/Http.(*Kernel).Handle.func1()
	/Users/yehua/Desktop/program/开源/PhpInGo/Include/Foundation/Http/Kernel.go:37 +0x8c
panic({0x12a4dc0, 0x152c140})
	/usr/local/opt/go/libexec/src/runtime/panic.go:1038 +0x215
php-in-go/Include/Foundation/Http/Controller.(*BaseController).Resolve(...)
	/Users/yehua/Desktop/program/开源/PhpInGo/Include/Foundation/Http/Controller/BaseController.go:34
php-in-go/App/Http/Controller.(*Index).Index(0xc000184390, 0x10b98fd)
	/Users/yehua/Desktop/program/开源/PhpInGo/App/Http/Controller/Index.go:17 +0x42
reflect.Value.call({0x1290ac0, 0xc0001901c0, 0x18}, {0x12e51e4, 0x4}, {0xc0001b4060, 0x1, 0x0})
	/usr/local/opt/go/libexec/src/reflect/value.go:543 +0x814
reflect.Value.Call({0x1290ac0, 0xc0001901c0, 0x0}, {0xc0001b4060, 0x1, 0x1})
	/usr/local/opt/go/libexec/src/reflect/value.go:339 +0xc5
php-in-go/Include/Container.(*Container).callFunc(0x0, {0x1290ac0, 0xc0001901c0}, 0x0)
	/Users/yehua/Desktop/program/开源/PhpInGo/Include/Container/Container.go:207 +0x785
php-in-go/Include/Container.(*Container).Resolve(0xc000184270, {0x1290ac0, 0xc0001901c0}, 0x0, 0x1)
	/Users/yehua/Desktop/program/开源/PhpInGo/Include/Container/Container.go:124 +0x109
php-in-go/Include/Foundation/Http.(*Kernel).dispatch(0xc000066140, 0xc00018a060, 0xc000190180, 0xc0001159c0, {0x1353b40, 0xc000184270})
	/Users/yehua/Desktop/program/开源/PhpInGo/Include/Foundation/Http/Kernel.go:99 +0x168
php-in-go/Include/Foundation/Http.(*Kernel).Handle(0xc00000e168, 0xc0001b4000, 0xc000190180)
	/Users/yehua/Desktop/program/开源/PhpInGo/Include/Foundation/Http/Kernel.go:67 +0x105
php-in-go/Bootstrap.(*App).Handle(0xc000115b70, 0x123d945, 0x134a140)
	/Users/yehua/Desktop/program/开源/PhpInGo/Bootstrap/App.go:59 +0x59
php-in-go/Include/Foundation/Server.(*HttpServer).Start.func1({0x1350030, 0xc0001ae000}, 0xc000164000)
	/Users/yehua/Desktop/program/开源/PhpInGo/Include/Foundation/Server/HttpServer.go:33 +0x3cb
net/http.HandlerFunc.ServeHTTP(0x0, {0x1350030, 0xc0001ae000}
2022-04-16 20:02:22 [200] GET /
 
 
2022-04-16 20:02:43 [500] GET /
 runtime error: invalid memory address or nil pointer dereference
 goroutine 7 [running]:
php-in-go/Include/Foundation/Http.(*Kernel).Handle.func1()
	/Users/yehua/Desktop/program/开源/PhpInGo/Include/Foundation/Http/Kernel.go:37 +0x8c
panic({0x12a4dc0, 0x152c140})
	/usr/local/opt/go/libexec/src/runtime/panic.go:1038 +0x215
php-in-go/Include/Foundation/Http/Controller.(*BaseController).Resolve(...)
	/Users/yehua/Desktop/program/开源/PhpInGo/Include/Foundation/Http/Controller/BaseController.go:34
php-in-go/App/Http/Controller.(*Index).Index(0xc00009a2a0, 0x10b98fd)
	/Users/yehua/Desktop/program/开源/PhpInGo/App/Http/Controller/Index.go:17 +0x42
reflect.Value.call({0x1290ac0, 0xc0000ac100, 0x18}, {0x12e51e4, 0x4}, {0xc0000b8060, 0x1, 0x0})
	/usr/local/opt/go/libexec/src/reflect/value.go:543 +0x814
reflect.Value.Call({0x1290ac0, 0xc0000ac100, 0x0}, {0xc0000b8060, 0x1, 0x1})
	/usr/local/opt/go/libexec/src/reflect/value.go:339 +0xc5
php-in-go/Include/Container.(*Container).callFunc(0x0, {0x1290ac0, 0xc0000ac100}, 0x0)
	/Users/yehua/Desktop/program/开源/PhpInGo/Include/Container/Container.go:207 +0x785
php-in-go/Include/Container.(*Container).Resolve(0xc00009a180, {0x1290ac0, 0xc0000ac100}, 0x0, 0x1)
	/Users/yehua/Desktop/program/开源/PhpInGo/Include/Container/Container.go:124 +0x109
php-in-go/Include/Foundation/Http.(*Kernel).dispatch(0xc000066140, 0xc0000c0040, 0xc0000ac0c0, 0xc0000569c0, {0x1353b40, 0xc00009a180})
	/Users/yehua/Desktop/program/开源/PhpInGo/Include/Foundation/Http/Kernel.go:99 +0x168
php-in-go/Include/Foundation/Http.(*Kernel).Handle(0xc00000e168, 0xc0000b8000, 0xc0000ac0c0)
	/Users/yehua/Desktop/program/开源/PhpInGo/Include/Foundation/Http/Kernel.go:67 +0x105
php-in-go/Bootstrap.(*App).Handle(0xc000056b70, 0x123d945, 0x134a140)
	/Users/yehua/Desktop/program/开源/PhpInGo/Bootstrap/App.go:59 +0x59
php-in-go/Include/Foundation/Server.(*HttpServer).Start.func1({0x1350030, 0xc0000b2000}, 0xc000190000)
	/Users/yehua/Desktop/program/开源/PhpInGo/Include/Foundation/Server/HttpServer.go:33 +0x3cb
net/http.HandlerFunc.ServeHTTP(0x0, {0x1350030, 0xc0000b2000}
2022-04-16 20:05:09 [200] GET /
 
 
2022-04-16 20:05:35 [200] GET /
 
 
2022-04-16 20:15:17 [200] GET /
 
 
2022-04-16 20:15:30 [200] GET /
 
 
2022-04-16 20:17:09 [200] GET /
 
 
2022-04-16 20:18:18 [200] GET /
 
 
2022-04-16 20:18:21 [200] GET /name
 
 
2022-04-16 20:20:41 [200] GET /
 
 
2022-04-16 20:20:44 [500] GET /name
 runtime error: invalid memory address or nil pointer dereference
 goroutine 7 [running]:
php-in-go/Include/Foundation/Http.(*Kernel).Handle.func1()
	/Users/yehua/Desktop/program/开源/PhpInGo/Include/Foundation/Http/Kernel.go:37 +0x8c
panic({0x12a4aa0, 0x152c140})
	/usr/local/opt/go/libexec/src/runtime/panic.go:1038 +0x215
php-in-go/App/Http/Controller.(*Index).Name(0xc0001727a0, 0x10b98fd)
	/Users/yehua/Desktop/program/开源/PhpInGo/App/Http/Controller/Index.go:19 +0x20
reflect.Value.call({0x1290800, 0xc000092240, 0x18}, {0x12e4de6, 0x4}, {0xc0000b2018, 0x1, 0x0})
	/usr/local/opt/go/libexec/src/reflect/value.go:543 +0x814
reflect.Value.Call({0x1290800, 0xc000092240, 0x0}, {0xc0000b2018, 0x1, 0x1})
	/usr/local/opt/go/libexec/src/reflect/value.go:339 +0xc5
php-in-go/Include/Container.(*Container).callFunc(0x0, {0x1290800, 0xc000092240}, 0x0)
	/Users/yehua/Desktop/program/开源/PhpInGo/Include/Container/Container.go:207 +0x785
php-in-go/Include/Container.(*Container).Resolve(0xc0000901b0, {0x1290800, 0xc000092240}, 0x0, 0x1)
	/Users/yehua/Desktop/program/开源/PhpInGo/Include/Container/Container.go:124 +0x109
php-in-go/Include/Foundation/Http.(*Kernel).dispatch(0xc000066140, 0xc0000be060, 0xc000092100, 0xc0001739c0, {0x13536a0, 0xc0000901b0})
	/Users/yehua/Desktop/program/开源/PhpInGo/Include/Foundation/Http/Kernel.go:99 +0x168
php-in-go/Include/Foundation/Http.(*Kernel).Handle(0xc00000e168, 0xc0000b2000, 0xc000092100)
	/Users/yehua/Desktop/program/开源/PhpInGo/Include/Foundation/Http/Kernel.go:67 +0x105
php-in-go/Bootstrap.(*App).Handle(0xc000173b70, 0x123d945, 0x1349cc0)
	/Users/yehua/Desktop/program/开源/PhpInGo/Bootstrap/App.go:59 +0x59
php-in-go/Include/Foundation/Server.(*HttpServer).Start.func1({0x134fb90, 0xc0000ae000}, 0xc000164300)
	/Users/yehua/Desktop/program/开源/PhpInGo/Include/Foundation/Server/HttpServer.go:33 +0x3cb
net/http.HandlerFunc.ServeHTTP(0x0, {0x134fb90, 0xc0000ae000}, 0x0)
	/usr/local/opt/go/libexec/src/net/http/server.go:2046 +0x2f
net/http.(*ServeMux).ServeHTTP(0x0, {0x134fb90, 0xc0000ae000}, 0xc000164300)
	/usr/local/opt/go/libexec/src/ne
2022-04-16 20:28:03 [200] GET /name
 
 
2022-04-16 20:30:06 [200] GET /name
 
 
2022-04-16 20:33:07 [200] GET /name
 
 
2022-04-16 20:33:23 [200] GET /name
 
 
2022-04-16 20:33:52 [200] GET /name
 
 
2022-04-16 20:34:21 [200] GET /name
 
 
2022-04-16 20:36:34 [200] GET /name
 
 
2022-04-16 20:37:20 [200] GET /name
 
 
2022-04-16 20:37:56 [200] GET /name
 
 
2022-04-16 20:42:15 [200] GET /name
 
 
2022-04-16 20:45:42 [200] GET /name
 
 
2022-04-16 20:46:08 [200] GET /name
 
 
2022-04-16 20:46:18 [200] GET /name
 
 
2022-04-16 20:47:06 [200] GET /
 
 
2022-04-16 20:48:15 [200] GET /
 
 
2022-04-16 20:48:30 [200] GET /
 
 
2022-04-16 20:48:34 [200] GET /
 
 
2022-04-16 20:48:39 [200] GET /
 
 
